# JRE version: OpenJDK Runtime Environment (11.0.8+10) (build 11.0.8+10-post-Ubuntu-0ubuntu118.04.1)
# Java VM: OpenJDK 64-Bit Server VM (11.0.8+10-post-Ubuntu-0ubuntu118.04.1, mixed mode, sharing, tiered, compressed oops, serial gc, linux-amd64)
Heap:
 def new generation   total 4928K, used 1949K [0x00000000f1000000, 0x00000000f1550000, 0x00000000f6000000)
  eden space 4416K,  43% used [0x00000000f1000000, 0x00000000f11e1038, 0x00000000f1450000)
  from space 512K,   4% used [0x00000000f14d0000, 0x00000000f14d6528, 0x00000000f1550000)
  to   space 512K,   0% used [0x00000000f1450000, 0x00000000f1450000, 0x00000000f14d0000)
 tenured generation   total 10944K, used 3117K [0x00000000f6000000, 0x00000000f6ab0000, 0x0000000100000000)
   the space 10944K,  28% used [0x00000000f6000000, 0x00000000f630b6b0, 0x00000000f630b800, 0x00000000f6ab0000)
 Metaspace       used 11786K, capacity 12300K, committed 12672K, reserved 1060864K
  class space    used 1314K, capacity 1559K, committed 1664K, reserved 1048576K
GC Heap History (20 events):
Event: 10.274 GC heap before
{Heap before GC invocations=1 (full 0):
 def new generation   total 4928K, used 4928K [0x00000000f1000000, 0x00000000f1550000, 0x00000000f6000000)
  eden space 4416K, 100% used [0x00000000f1000000, 0x00000000f1450000, 0x00000000f1450000)
  from space 512K, 100% used [0x00000000f14d0000, 0x00000000f1550000, 0x00000000f1550000)
  to   space 512K,   0% used [0x00000000f1450000, 0x00000000f1450000, 0x00000000f14d0000)
 tenured generation   total 10944K, used 830K [0x00000000f6000000, 0x00000000f6ab0000, 0x0000000100000000)
   the space 10944K,   7% used [0x00000000f6000000, 0x00000000f60cfb40, 0x00000000f60cfc00, 0x00000000f6ab0000)
 Metaspace       used 6274K, capacity 6638K, committed 6784K, reserved 1056768K
  class space    used 704K, capacity 891K, committed 896K, reserved 1048576K
}
Event: 10.330 GC heap after
{Heap after GC invocations=2 (full 0):
 def new generation   total 4928K, used 511K [0x00000000f1000000, 0x00000000f1550000, 0x00000000f6000000)
  eden space 4416K,   0% used [0x00000000f1000000, 0x00000000f1000000, 0x00000000f1450000)
  from space 512K,  99% used [0x00000000f1450000, 0x00000000f14cfff8, 0x00000000f14d0000)
  to   space 512K,   0% used [0x00000000f14d0000, 0x00000000f14d0000, 0x00000000f1550000)
 tenured generation   total 10944K, used 1468K [0x00000000f6000000, 0x00000000f6ab0000, 0x0000000100000000)
   the space 10944K,  13% used [0x00000000f6000000, 0x00000000f616f1b0, 0x00000000f616f200, 0x00000000f6ab0000)
 Metaspace       used 6274K, capacity 6638K, committed 6784K, reserved 1056768K
  class space    used 704K, capacity 891K, committed 896K, reserved 1048576K
}
Event: 62.179 GC heap before
{Heap before GC invocations=2 (full 0):
 def new generation   total 4928K, used 4927K [0x00000000f1000000, 0x00000000f1550000, 0x00000000f6000000)
  eden space 4416K, 100% used [0x00000000f1000000, 0x00000000f1450000, 0x00000000f1450000)
  from space 512K,  99% used [0x00000000f1450000, 0x00000000f14cfff8, 0x00000000f14d0000)
  to   space 512K,   0% used [0x00000000f14d0000, 0x00000000f14d0000, 0x00000000f1550000)
 tenured generation   total 10944K, used 1468K [0x00000000f6000000, 0x00000000f6ab0000, 0x0000000100000000)
   the space 10944K,  13% used [0x00000000f6000000, 0x00000000f616f1b0, 0x00000000f616f200, 0x00000000f6ab0000)
 Metaspace       used 11387K, capacity 11848K, committed 12160K, reserved 1060864K
  class space    used 1313K, capacity 1559K, committed 1664K, reserved 1048576K
}
Event: 62.189 GC heap after
{Heap after GC invocations=3 (full 0):
 def new generation   total 4928K, used 511K [0x00000000f1000000, 0x00000000f1550000, 0x00000000f6000000)
  eden space 4416K,   0% used [0x00000000f1000000, 0x00000000f1000000, 0x00000000f1450000)
  from space 512K,  99% used [0x00000000f14d0000, 0x00000000f154fff8, 0x00000000f1550000)
  to   space 512K,   0% used [0x00000000f1450000, 0x00000000f1450000, 0x00000000f14d0000)
 tenured generation   total 10944K, used 2606K [0x00000000f6000000, 0x00000000f6ab0000, 0x0000000100000000)
   the space 10944K,  23% used [0x00000000f6000000, 0x00000000f628bbc0, 0x00000000f628bc00, 0x00000000f6ab0000)
 Metaspace       used 11387K, capacity 11848K, committed 12160K, reserved 1060864K
  class space    used 1313K, capacity 1559K, committed 1664K, reserved 1048576K
}
Event: 357.630 GC heap before
{Heap before GC invocations=3 (full 0):
 def new generation   total 4928K, used 4927K [0x00000000f1000000, 0x00000000f1550000, 0x00000000f6000000)
  eden space 4416K, 100% used [0x00000000f1000000, 0x00000000f1450000, 0x00000000f1450000)
  from space 512K,  99% used [0x00000000f14d0000, 0x00000000f154fff8, 0x00000000f1550000)
  to   space 512K,   0% used [0x00000000f1450000, 0x00000000f1450000, 0x00000000f14d0000)
 tenured generation   total 10944K, used 2606K [0x00000000f6000000, 0x00000000f6ab0000, 0x0000000100000000)
   the space 10944K,  23% used [0x00000000f6000000, 0x00000000f628bbc0, 0x00000000f628bc00, 0x00000000f6ab0000)
 Metaspace       used 11758K, capacity 12236K, committed 12672K, reserved 1060864K
  class space    used 1313K, capacity 1559K, committed 1664K, reserved 1048576K
}
Event: 357.638 GC heap after
{Heap after GC invocations=4 (full 0):
 def new generation   total 4928K, used 14K [0x00000000f1000000, 0x00000000f1550000, 0x00000000f6000000)
  eden space 4416K,   0% used [0x00000000f1000000, 0x00000000f1000000, 0x00000000f1450000)
  from space 512K,   2% used [0x00000000f1450000, 0x00000000f1453bd8, 0x00000000f14d0000)
  to   space 512K,   0% used [0x00000000f14d0000, 0x00000000f14d0000, 0x00000000f1550000)
 tenured generation   total 10944K, used 3117K [0x00000000f6000000, 0x00000000f6ab0000, 0x0000000100000000)
   the space 10944K,  28% used [0x00000000f6000000, 0x00000000f630b6b0, 0x00000000f630b800, 0x00000000f6ab0000)
 Metaspace       used 11758K, capacity 12236K, committed 12672K, reserved 1060864K
  class space    used 1313K, capacity 1559K, committed 1664K, reserved 1048576K
}
Event: 659.507 GC heap before
{Heap before GC invocations=4 (full 0):
 def new generation   total 4928K, used 4430K [0x00000000f1000000, 0x00000000f1550000, 0x00000000f6000000)
  eden space 4416K, 100% used [0x00000000f1000000, 0x00000000f1450000, 0x00000000f1450000)
  from space 512K,   2% used [0x00000000f1450000, 0x00000000f1453bd8, 0x00000000f14d0000)
  to   space 512K,   0% used [0x00000000f14d0000, 0x00000000f14d0000, 0x00000000f1550000)
 tenured generation   total 10944K, used 3117K [0x00000000f6000000, 0x00000000f6ab0000, 0x0000000100000000)
   the space 10944K,  28% used [0x00000000f6000000, 0x00000000f630b6b0, 0x00000000f630b800, 0x00000000f6ab0000)
 Metaspace       used 11779K, capacity 12300K, committed 12672K, reserved 1060864K
  class space    used 1313K, capacity 1559K, committed 1664K, reserved 1048576K
}
Event: 659.509 GC heap after
{Heap after GC invocations=5 (full 0):
 def new generation   total 4928K, used 16K [0x00000000f1000000, 0x00000000f1550000, 0x00000000f6000000)
  eden space 4416K,   0% used [0x00000000f1000000, 0x00000000f1000000, 0x00000000f1450000)
  from space 512K,   3% used [0x00000000f14d0000, 0x00000000f14d4018, 0x00000000f1550000)
  to   space 512K,   0% used [0x00000000f1450000, 0x00000000f1450000, 0x00000000f14d0000)
 tenured generation   total 10944K, used 3117K [0x00000000f6000000, 0x00000000f6ab0000, 0x0000000100000000)
   the space 10944K,  28% used [0x00000000f6000000, 0x00000000f630b6b0, 0x00000000f630b800, 0x00000000f6ab0000)
 Metaspace       used 11779K, capacity 12300K, committed 12672K, reserved 1060864K
  class space    used 1313K, capacity 1559K, committed 1664K, reserved 1048576K
}
Event: 965.820 GC heap before
{Heap before GC invocations=5 (full 0):
 def new generation   total 4928K, used 4432K [0x00000000f1000000, 0x00000000f1550000, 0x00000000f6000000)
  eden space 4416K, 100% used [0x00000000f1000000, 0x00000000f1450000, 0x00000000f1450000)
  from space 512K,   3% used [0x00000000f14d0000, 0x00000000f14d4018, 0x00000000f1550000)
  to   space 512K,   0% used [0x00000000f1450000, 0x00000000f1450000, 0x00000000f14d0000)
 tenured generation   total 10944K, used 3117K [0x00000000f6000000, 0x00000000f6ab0000, 0x0000000100000000)
   the space 10944K,  28% used [0x00000000f6000000, 0x00000000f630b6b0, 0x00000000f630b800, 0x00000000f6ab0000)
 Metaspace       used 11781K, capacity 12300K, committed 12672K, reserved 1060864K
  class space    used 1313K, capacity 1559K, committed 1664K, reserved 1048576K
}
Event: 965.822 GC heap after
{Heap after GC invocations=6 (full 0):
 def new generation   total 4928K, used 19K [0x00000000f1000000, 0x00000000f1550000, 0x00000000f6000000)
  eden space 4416K,   0% used [0x00000000f1000000, 0x00000000f1000000, 0x00000000f1450000)
  from space 512K,   3% used [0x00000000f1450000, 0x00000000f1454c38, 0x00000000f14d0000)
  to   space 512K,   0% used [0x00000000f14d0000, 0x00000000f14d0000, 0x00000000f1550000)
 tenured generation   total 10944K, used 3117K [0x00000000f6000000, 0x00000000f6ab0000, 0x0000000100000000)
   the space 10944K,  28% used [0x00000000f6000000, 0x00000000f630b6b0, 0x00000000f630b800, 0x00000000f6ab0000)
 Metaspace       used 11781K, capacity 12300K, committed 12672K, reserved 1060864K
  class space    used 1313K, capacity 1559K, committed 1664K, reserved 1048576K
}
Event: 1280.184 GC heap before
{Heap before GC invocations=6 (full 0):
 def new generation   total 4928K, used 4435K [0x00000000f1000000, 0x00000000f1550000, 0x00000000f6000000)
  eden space 4416K, 100% used [0x00000000f1000000, 0x00000000f1450000, 0x00000000f1450000)
  from space 512K,   3% used [0x00000000f1450000, 0x00000000f1454c38, 0x00000000f14d0000)
  to   space 512K,   0% used [0x00000000f14d0000, 0x00000000f14d0000, 0x00000000f1550000)
 tenured generation   total 10944K, used 3117K [0x00000000f6000000, 0x00000000f6ab0000, 0x0000000100000000)
   the space 10944K,  28% used [0x00000000f6000000, 0x00000000f630b6b0, 0x00000000f630b800, 0x00000000f6ab0000)
 Metaspace       used 11781K, capacity 12300K, committed 12672K, reserved 1060864K
  class space    used 1313K, capacity 1559K, committed 1664K, reserved 1048576K
}
Event: 1280.194 GC heap after
{Heap after GC invocations=7 (full 0):
 def new generation   total 4928K, used 23K [0x00000000f1000000, 0x00000000f1550000, 0x00000000f6000000)
  eden space 4416K,   0% used [0x00000000f1000000, 0x00000000f1000000, 0x00000000f1450000)
  from space 512K,   4% used [0x00000000f14d0000, 0x00000000f14d5ce0, 0x00000000f1550000)
  to   space 512K,   0% used [0x00000000f1450000, 0x00000000f1450000, 0x00000000f14d0000)
 tenured generation   total 10944K, used 3117K [0x00000000f6000000, 0x00000000f6ab0000, 0x0000000100000000)
   the space 10944K,  28% used [0x00000000f6000000, 0x00000000f630b6b0, 0x00000000f630b800, 0x00000000f6ab0000)
 Metaspace       used 11781K, capacity 12300K, committed 12672K, reserved 1060864K
  class space    used 1313K, capacity 1559K, committed 1664K, reserved 1048576K
}
Event: 1603.038 GC heap before
{Heap before GC invocations=7 (full 0):
 def new generation   total 4928K, used 4439K [0x00000000f1000000, 0x00000000f1550000, 0x00000000f6000000)
  eden space 4416K, 100% used [0x00000000f1000000, 0x00000000f1450000, 0x00000000f1450000)
  from space 512K,   4% used [0x00000000f14d0000, 0x00000000f14d5ce0, 0x00000000f1550000)
  to   space 512K,   0% used [0x00000000f1450000, 0x00000000f1450000, 0x00000000f14d0000)
 tenured generation   total 10944K, used 3117K [0x00000000f6000000, 0x00000000f6ab0000, 0x0000000100000000)
   the space 10944K,  28% used [0x00000000f6000000, 0x00000000f630b6b0, 0x00000000f630b800, 0x00000000f6ab0000)
 Metaspace       used 11781K, capacity 12300K, committed 12672K, reserved 1060864K
  class space    used 1313K, capacity 1559K, committed 1664K, reserved 1048576K
}
Event: 1603.040 GC heap after
{Heap after GC invocations=8 (full 0):
 def new generation   total 4928K, used 24K [0x00000000f1000000, 0x00000000f1550000, 0x00000000f6000000)
  eden space 4416K,   0% used [0x00000000f1000000, 0x00000000f1000000, 0x00000000f1450000)
  from space 512K,   4% used [0x00000000f1450000, 0x00000000f1456098, 0x00000000f14d0000)
  to   space 512K,   0% used [0x00000000f14d0000, 0x00000000f14d0000, 0x00000000f1550000)
 tenured generation   total 10944K, used 3117K [0x00000000f6000000, 0x00000000f6ab0000, 0x0000000100000000)
   the space 10944K,  28% used [0x00000000f6000000, 0x00000000f630b6b0, 0x00000000f630b800, 0x00000000f6ab0000)
 Metaspace       used 11781K, capacity 12300K, committed 12672K, reserved 1060864K
  class space    used 1313K, capacity 1559K, committed 1664K, reserved 1048576K
}
Event: 1931.119 GC heap before
{Heap before GC invocations=8 (full 0):
 def new generation   total 4928K, used 4440K [0x00000000f1000000, 0x00000000f1550000, 0x00000000f6000000)
  eden space 4416K, 100% used [0x00000000f1000000, 0x00000000f1450000, 0x00000000f1450000)
  from space 512K,   4% used [0x00000000f1450000, 0x00000000f1456098, 0x00000000f14d0000)
  to   space 512K,   0% used [0x00000000f14d0000, 0x00000000f14d0000, 0x00000000f1550000)
 tenured generation   total 10944K, used 3117K [0x00000000f6000000, 0x00000000f6ab0000, 0x0000000100000000)
   the space 10944K,  28% used [0x00000000f6000000, 0x00000000f630b6b0, 0x00000000f630b800, 0x00000000f6ab0000)
 Metaspace       used 11782K, capacity 12300K, committed 12672K, reserved 1060864K
  class space    used 1313K, capacity 1559K, committed 1664K, reserved 1048576K
}
Event: 1931.120 GC heap after
{Heap after GC invocations=9 (full 0):
 def new generation   total 4928K, used 23K [0x00000000f1000000, 0x00000000f1550000, 0x00000000f6000000)
  eden space 4416K,   0% used [0x00000000f1000000, 0x00000000f1000000, 0x00000000f1450000)
  from space 512K,   4% used [0x00000000f14d0000, 0x00000000f14d5e48, 0x00000000f1550000)
  to   space 512K,   0% used [0x00000000f1450000, 0x00000000f1450000, 0x00000000f14d0000)
 tenured generation   total 10944K, used 3117K [0x00000000f6000000, 0x00000000f6ab0000, 0x0000000100000000)
   the space 10944K,  28% used [0x00000000f6000000, 0x00000000f630b6b0, 0x00000000f630b800, 0x00000000f6ab0000)
 Metaspace       used 11782K, capacity 12300K, committed 12672K, reserved 1060864K
  class space    used 1313K, capacity 1559K, committed 1664K, reserved 1048576K
}
Event: 2265.129 GC heap before
{Heap before GC invocations=9 (full 0):
 def new generation   total 4928K, used 4439K [0x00000000f1000000, 0x00000000f1550000, 0x00000000f6000000)
  eden space 4416K, 100% used [0x00000000f1000000, 0x00000000f1450000, 0x00000000f1450000)
  from space 512K,   4% used [0x00000000f14d0000, 0x00000000f14d5e48, 0x00000000f1550000)
  to   space 512K,   0% used [0x00000000f1450000, 0x00000000f1450000, 0x00000000f14d0000)
 tenured generation   total 10944K, used 3117K [0x00000000f6000000, 0x00000000f6ab0000, 0x0000000100000000)
   the space 10944K,  28% used [0x00000000f6000000, 0x00000000f630b6b0, 0x00000000f630b800, 0x00000000f6ab0000)
 Metaspace       used 11782K, capacity 12300K, committed 12672K, reserved 1060864K
  class space    used 1313K, capacity 1559K, committed 1664K, reserved 1048576K
}
Event: 2265.130 GC heap after
{Heap after GC invocations=10 (full 0):
 def new generation   total 4928K, used 23K [0x00000000f1000000, 0x00000000f1550000, 0x00000000f6000000)
  eden space 4416K,   0% used [0x00000000f1000000, 0x00000000f1000000, 0x00000000f1450000)
  from space 512K,   4% used [0x00000000f1450000, 0x00000000f1455e88, 0x00000000f14d0000)
  to   space 512K,   0% used [0x00000000f14d0000, 0x00000000f14d0000, 0x00000000f1550000)
 tenured generation   total 10944K, used 3117K [0x00000000f6000000, 0x00000000f6ab0000, 0x0000000100000000)
   the space 10944K,  28% used [0x00000000f6000000, 0x00000000f630b6b0, 0x00000000f630b800, 0x00000000f6ab0000)
 Metaspace       used 11782K, capacity 12300K, committed 12672K, reserved 1060864K
  class space    used 1313K, capacity 1559K, committed 1664K, reserved 1048576K
}
Event: 2600.709 GC heap before
{Heap before GC invocations=10 (full 0):
 def new generation   total 4928K, used 4439K [0x00000000f1000000, 0x00000000f1550000, 0x00000000f6000000)
  eden space 4416K, 100% used [0x00000000f1000000, 0x00000000f1450000, 0x00000000f1450000)
  from space 512K,   4% used [0x00000000f1450000, 0x00000000f1455e88, 0x00000000f14d0000)
  to   space 512K,   0% used [0x00000000f14d0000, 0x00000000f14d0000, 0x00000000f1550000)
 tenured generation   total 10944K, used 3117K [0x00000000f6000000, 0x00000000f6ab0000, 0x0000000100000000)
   the space 10944K,  28% used [0x00000000f6000000, 0x00000000f630b6b0, 0x00000000f630b800, 0x00000000f6ab0000)
 Metaspace       used 11782K, capacity 12300K, committed 12672K, reserved 1060864K
  class space    used 1313K, capacity 1559K, committed 1664K, reserved 1048576K
}
Event: 2600.710 GC heap after
{Heap after GC invocations=11 (full 0):
 def new generation   total 4928K, used 25K [0x00000000f1000000, 0x00000000f1550000, 0x00000000f6000000)
  eden space 4416K,   0% used [0x00000000f1000000, 0x00000000f1000000, 0x00000000f1450000)
  from space 512K,   4% used [0x00000000f14d0000, 0x00000000f14d6528, 0x00000000f1550000)
  to   space 512K,   0% used [0x00000000f1450000, 0x00000000f1450000, 0x00000000f14d0000)
 tenured generation   total 10944K, used 3117K [0x00000000f6000000, 0x00000000f6ab0000, 0x0000000100000000)
   the space 10944K,  28% used [0x00000000f6000000, 0x00000000f630b6b0, 0x00000000f630b800, 0x00000000f6ab0000)
 Metaspace       used 11782K, capacity 12300K, committed 12672K, reserved 1060864K
  class space    used 1313K, capacity 1559K, committed 1664K, reserved 1048576K
}

